Log file open, 11/06/14 14:15:17
LogInit:Display: Running engine for game: MyProject2
LogInit: Version: 4.5.1-2336687+++depot+UE4-Releases+4.5
LogInit: API Version: 2326478
LogInit: Compiled (64-bit): Oct 21 2014 22:32:40
LogInit: Compiled with Visual C++: 18.00.21005.01
LogInit: Build Configuration: Development
LogInit: Branch Name: ++depot+UE4-Releases+4.5
LogInit: Command line: 
LogInit: Base directory: C:/Program Files/Epic Games/4.5/Engine/Binaries/Win64/
LogInit: Rocket: 1
[2014.11.06-13.15.17:144][  0]LogTaskGraph: Started task graph with 3 named threads and 4 total threads.
[2014.11.06-13.15.17:175][  0]LogOnline:Warning: No default platform service specified for OnlineSubsystem
[2014.11.06-13.15.17:367][  0]LogInit: Presizing for 0 objects not considered by GC, pre-allocating 0 bytes.
[2014.11.06-13.15.17:375][  0]LogInit: Object subsystem initialized
[2014.11.06-13.15.17:377][  0]LogConsoleResponse:Warning: Skipping Unknown console variable: 'UIScaleRule = ShortestSide'
[2014.11.06-13.15.17:377][  0]LogConsoleResponse:Warning:   Found in ini file 'C:/Users/HENAUERP_CFPT/Documents/Unreal Projects/MyProject2/Saved/Config/Windows/Engine.ini', in section '[/Script/Engine.RendererSettings]'
[2014.11.06-13.15.17:377][  0]LogConsoleResponse:Warning: Skipping Unknown console variable: 'UIScaleCurve = (EditorCurveData=(Keys=((Time=480,Value=0.444),(Time=720,Value=0.666),(Time=1080,Value=1.0),(Time=8640,Value=8.0))),ExternalCurve=None)'
[2014.11.06-13.15.17:377][  0]LogConsoleResponse:Warning:   Found in ini file 'C:/Users/HENAUERP_CFPT/Documents/Unreal Projects/MyProject2/Saved/Config/Windows/Engine.ini', in section '[/Script/Engine.RendererSettings]'
[2014.11.06-13.15.17:378][  0]LogInit: Selected Device Profile: [Windows]
[2014.11.06-13.15.17:378][  0]LogInit: Applying CVar settings loaded from the selected device profile: [Windows]
[2014.11.06-13.15.17:418][  0]LogInit: Computer: CFPI-C101PC01
[2014.11.06-13.15.17:418][  0]LogInit: User: HENAUERPCFPT
[2014.11.06-13.15.17:419][  0]LogInit: CPU Page size=4096, Cores=4
[2014.11.06-13.15.17:419][  0]LogInit: High frequency timer resolution =3.117988 MHz
[2014.11.06-13.15.17:419][  0]LogMemory: Memory total: Physical=7.9GB (8GB approx) Virtual=8192.0GB
[2014.11.06-13.15.17:419][  0]LogMemory: Platform Memory Stats for Windows
[2014.11.06-13.15.17:419][  0]LogMemory: Process Physical Memory: 62.84 MB used, 62.84 MB peak
[2014.11.06-13.15.17:419][  0]LogMemory: Process Virtual Memory: 39.52 MB used, 39.52 MB peak
[2014.11.06-13.15.17:419][  0]LogMemory: Physical Memory: 6729.35 MB used, 8103.53 MB total
[2014.11.06-13.15.17:419][  0]LogMemory: Virtual Memory: 273.43 MB used, 8388608.00 MB total
[2014.11.06-13.15.19:281][  0]LogD3D11RHI: Found D3D11 adapter 0: Intel(R) HD Graphics 4600 (Feature Level 11_0)
[2014.11.06-13.15.19:281][  0]LogD3D11RHI: Adapter has 64MB of dedicated video memory, 0MB of dedicated system memory, and 1632MB of shared system memory, 1 output[s]
[2014.11.06-13.15.19:281][  0]LogD3D11RHI: Chosen D3D11 Adapter Id = 0
[2014.11.06-13.15.19:286][  0]LogRHI: Texture pool is 616 MB (70% of 880 MB)
[2014.11.06-13.15.19:294][  0]LogD3D11RHI: Async texture creation enabled
[2014.11.06-13.15.20:091][  0]LogTextLocalizationManager: The requested culture ('fr_CH') has no localization data; falling back to 'en' for localization and internationalization data.
[2014.11.06-13.15.20:507][  0]LogContentStreaming: Texture pool size is 0.000000MB
[2014.11.06-13.15.38:104][  0]LogTargetPlatformManager:Display: Building Assets For Windows
[2014.11.06-13.15.38:732][  0]LogTargetPlatformManager:Display: Building Assets For Windows
[2014.11.06-13.15.39:172][  0]LogDerivedDataCache:Display: Max Cache Size: 512 MB
[2014.11.06-13.15.39:693][  0]LogDerivedDataCache: Loaded boot cache 0.52s 39MB C:/Users/HENAUERP_CFPT/AppData/Local/UnrealEngine/4.5/DerivedDataCache/Boot.ddc.
[2014.11.06-13.15.39:693][  0]LogDerivedDataCache:Display: Loaded Boot cache: C:/Users/HENAUERP_CFPT/AppData/Local/UnrealEngine/4.5/DerivedDataCache/Boot.ddc
[2014.11.06-13.15.39:693][  0]LogDerivedDataCache: FDerivedDataBackendGraph:  Pak pak cache file ../../../../../../Users/HENAUERP_CFPT/Documents/Unreal Projects/MyProject2/DerivedDataCache/DDC.ddp not found, will not use a pak cache.
[2014.11.06-13.15.39:693][  0]LogDerivedDataCache: Unable to find inner node Pak for hierarchical cache Hierarchy.
[2014.11.06-13.15.39:780][  0]LogDerivedDataCache:Display: Pak cache opened for reading ../../../Engine/DerivedDataCache/DDC.ddp.
[2014.11.06-13.15.39:791][  0]LogDerivedDataCache: Using Local data cache path C:/Users/HENAUERP_CFPT/AppData/Local/UnrealEngine/Common/DerivedDataCache: Writable
[2014.11.06-13.15.42:475][  0]LogMeshUtilities: No automatic mesh reduction module available
[2014.11.06-13.15.42:475][  0]LogMeshUtilities: No automatic mesh merging module available
[2014.11.06-13.15.43:207][  0]LogLinker:Warning: Asset '../../../Engine/Content/Functions/Engine_MaterialFunctions02/Texturing/FlipBook.uasset' has been saved with empty engine version. The asset will be loaded but may be incompatible.
[2014.11.06-13.15.43:210][  0]LogLinker:Warning: Asset '../../../Engine/Content/Functions/Engine_MaterialFunctions02/ExampleContent/Textures/flipbook.uasset' has been saved with empty engine version. The asset will be loaded but may be incompatible.
[2014.11.06-13.15.43:507][  0]LogInit: WinSock: version 1.1 (2.2), MaxSocks=32767, MaxUdp=65467
[2014.11.06-13.16.00:579][  0]UdpMessaging: Initializing bridge on interface 0.0.0.0:0 to multicast group 230.0.0.1:6666.
[2014.11.06-13.16.01:845][  0]LogDirectoryWatcher:Warning: Failed to begin reading directory changes for C:/Users/HENAUERP_CFPT/Documents/Unreal Projects/MyProject2/Binaries/Win64. Error: 0
[2014.11.06-13.16.02:106][  0]SourceControl: Info Source control is disabled
[2014.11.06-13.16.02:106][  0]SourceControl: Info Source control is disabled
[2014.11.06-13.16.02:114][  0]SourceControl: Info Source control is disabled
[2014.11.06-13.16.03:373][  0]LogObj: 22915 objects as part of root set at end of initial load.
[2014.11.06-13.16.03:373][  0]LogUObjectAllocator: 4803544 out of 0 bytes used by permanent object pool.
[2014.11.06-13.16.03:469][  0]LogEngine: Initializing Engine...
[2014.11.06-13.16.03:789][  0]LogInit: XAudio2 using 'Haut-parleurs (Realtek High Definition Audio)' : 2 channels at 48 kHz using 32 bits per sample (channel mask 0x3)
[2014.11.06-13.16.03:842][  0]LogInit: FAudioDevice initialized.
[2014.11.06-13.16.03:910][  0]LogAIModule: Creating AISystem for world NewWorld
[2014.11.06-13.16.03:932][  0]LogDerivedDataCache: Saved boot cache 0.02s 39MB C:/Users/HENAUERP_CFPT/AppData/Local/UnrealEngine/4.5/DerivedDataCache/Boot.ddc.
[2014.11.06-13.16.03:935][  0]LogInit: Texture streaming: Enabled
[2014.11.06-13.16.04:040][  0]LogInit: Transaction tracking system initialized
[2014.11.06-13.16.04:251][  0]BlueprintLog: New page: Editor Load
[2014.11.06-13.16.04:329][  0]LogAssetRegistry: FAssetRegistry took 0.0094 seconds to start up
[2014.11.06-13.16.04:329][  0]LogDirectoryWatcher:Warning: Failed to begin reading directory changes for ../../../Engine/Plugins/Experimental/CharacterAI/Content/. Error: 0
[2014.11.06-13.16.05:621][  0]LogTargetPlatformManager:Display: Building Assets For Windows
[2014.11.06-13.16.05:930][  0]LogTargetPlatformManager:Display: Building Assets For Windows
[2014.11.06-13.16.06:265][  0]LogInit:Warning: CVar named 'r.MobileHDR' marked up in URenderingSettings was not found or is set to read-only
[2014.11.06-13.16.08:164][  0]LogConsoleResponse:Display: 
[2014.11.06-13.16.08:391][  0]SourceControl: Info Source control is disabled
[2014.11.06-13.16.08:391][  0]Cmd: MAP LOAD FILE="../../../../../../Users/HENAUERP_CFPT/Documents/Unreal Projects/MyProject2/Content/StarterContent/Advanced_Lighting.umap" TEMPLATE=0 SHOWPROGRESS=1
[2014.11.06-13.16.08:427][  0]LightingResults: New page: Lighting Build
[2014.11.06-13.16.08:438][  0]MapCheck: New page: Map Check
[2014.11.06-13.16.08:438][  0]LightingResults: New page: Lighting Build
[2014.11.06-13.16.08:451][  0]LogParticles: Destroying 0 GPU particle simulations for FXSystem 0x000000001232A840
[2014.11.06-13.16.14:030][  0]LogEditorServer: Finished looking for orphan Actors (0.000 secs)
[2014.11.06-13.16.14:030][  0]LogAIModule: Creating AISystem for world Advanced_Lighting
[2014.11.06-13.16.14:040][  0]Cmd: MAP CHECKDEP
[2014.11.06-13.16.14:040][  0]MapCheck: New page: Advanced_Lighting - Nov 6, 2014, 3:16:14 PM
[2014.11.06-13.16.14:154][  0]MapCheck: Info Map check complete: 0 Error(s), 0 Warning(s), took 113.789ms to complete.
[2014.11.06-13.16.14:154][  0]LogFileHelpers: Loading map 'Advanced_Lighting' took 5.762
[2014.11.06-13.16.15:866][  0]LogCollectionManager: Loaded 0 collections in 0.001403 seconds
[2014.11.06-13.16.20:251][  0]LogCrashTracker: Crashtracker disabled due to settings.
[2014.11.06-13.16.21:265][  0]LogUObjectGlobals:Warning: Failed to find object 'Class None.'
[2014.11.06-13.16.21:439][  0]LogLoad: Full Startup: 75.45 seconds (BP compile: 0.33 seconds)
[2014.11.06-13.16.24:086][  0]LogRenderer:Warning: Reallocating scene render targets to support 992x912.
[2014.11.06-13.16.30:667][  1]LogEditorViewport: Clicking on Actor (LMB): StaticMeshActor (SM_AssetPlatform)
[2014.11.06-13.16.31:859][  2]LogAssetRegistry: Asset discovery search completed in 27.5371 seconds
[2014.11.06-13.16.36:160][ 61]LogEditorViewport: Clicking on Actor (LMB): StaticMeshActor (PLACEHOLDER MESH)
[2014.11.06-13.16.38:801][ 81]LogEditorViewport: Clicking on Actor (LMB): StaticMeshActor (PLACEHOLDER MESH)
[2014.11.06-13.16.39:987][ 99]LogEditorViewport: Clicking on Actor (LMB): StaticMeshActor (PLACEHOLDER MESH)
[2014.11.06-13.16.41:225][115]LogEditorViewport: Clicking on Actor (LMB): StaticMeshActor (PLACEHOLDER MESH)
[2014.11.06-13.16.42:450][134]Cmd: DELETE
[2014.11.06-13.16.42:450][134]Cmd: ACTOR DELETE
[2014.11.06-13.16.42:583][134]LogEditorActor: Deleted Actor: StaticMeshActor
[2014.11.06-13.16.42:624][134]LogEditorActor: Deleted 1 Actors (0.081 secs)
[2014.11.06-13.16.48:651][317]Cmd: TRANSACTION UNDO
[2014.11.06-13.16.48:662][317]LogEditorTransaction: Undo Delete Actors
[2014.11.06-13.16.50:184][336]LogEditorViewport: Clicking on Actor (LMB): StaticMeshActor (PLACEHOLDER MESH)
[2014.11.06-13.16.51:100][348]LogEditorViewport: Clicking on Actor (LMB): StaticMeshActor (PLACEHOLDER MESH)
[2014.11.06-13.16.51:238][349]LogEditorViewport: Clicking on Actor (double click): StaticMeshActor (PLACEHOLDER MESH)
[2014.11.06-13.18.36:536][403]LogTexture:Display: Building textures: Texture2D_2 (G8)
[2014.11.06-13.18.43:648][472]LogActorComponent: UnregisterComponent: (/Engine/Transient.StaticMeshComponent_8) Not registered. Aborting.
[2014.11.06-13.26.22:525][ 60]LogSavePackage: Save=171.190201ms
[2014.11.06-13.26.22:525][ 60]LogSavePackage: Moving '../../../../../../Users/HENAUERP_CFPT/Documents/Unreal Projects/MyProject2/Saved/Advanced_Lighting_Auto138B4AE9D43760AC0A5B110B76CA555B2.tmp' to '../../../../../../Users/HENAUERP_CFPT/Documents/Unreal Projects/MyProject2/Saved/Autosaves/Game/StarterContent/Advanced_Lighting_Auto1.umap'
[2014.11.06-13.26.22:565][ 60]LogFileHelpers: Editor autosave (incl. sublevels) for '/Game/StarterContent/Advanced_Lighting' took 0.443
[2014.11.06-13.26.22:565][ 60]LogFileHelpers: Editor autosave (incl. sublevels) for all levels took 0.443
[2014.11.06-13.51.03:369][504]LogEditorViewport: Clicking on Actor (LMB): StaticMeshActor (PLACEHOLDER MESH)
[2014.11.06-13.51.05:162][529]Cmd: DELETE
[2014.11.06-13.51.05:162][529]Cmd: ACTOR DELETE
[2014.11.06-13.51.05:178][529]LogEditorActor: Deleted Actor: StaticMeshActor
[2014.11.06-13.51.05:224][529]LogEditorActor: Deleted 1 Actors (0.052 secs)
[2014.11.06-13.51.14:905][648]LogSavePackage: Save=66.760361ms
[2014.11.06-13.51.14:905][648]LogSavePackage: Moving '../../../../../../Users/HENAUERP_CFPT/Documents/Unreal Projects/MyProject2/Saved/Advanced_Lighting_Auto20786F1854E2E51BF828C16A283E73508.tmp' to '../../../../../../Users/HENAUERP_CFPT/Documents/Unreal Projects/MyProject2/Saved/Autosaves/Game/StarterContent/Advanced_Lighting_Auto2.umap'
[2014.11.06-13.51.15:031][648]LogFileHelpers: Editor autosave (incl. sublevels) for '/Game/StarterContent/Advanced_Lighting' took 0.462
[2014.11.06-13.51.15:031][648]LogFileHelpers: Editor autosave (incl. sublevels) for all levels took 0.462
[2014.11.06-13.52.33:317][ 26]Cmd: BRUSH ADD SELECTNEWBRUSH
[2014.11.06-13.52.33:547][ 26]LogInstancedFoliage: Map Rebuilt - Update all BSP painted foliage!
[2014.11.06-13.52.43:652][245]LogInstancedFoliage: Map Rebuilt - Update all BSP painted foliage!
[2014.11.06-13.52.50:263][338]LogInstancedFoliage: Map Rebuilt - Update all BSP painted foliage!
[2014.11.06-13.53.46:439][166]LogInstancedFoliage: Map Rebuilt - Update all BSP painted foliage!
[2014.11.06-13.53.50:146][220]LogInstancedFoliage: Map Rebuilt - Update all BSP painted foliage!
[2014.11.06-13.54.12:354][106]LogEditorViewport: Clicking on Actor (LMB): PostProcessVolume (PostProcessVolume1)
[2014.11.06-13.54.26:044][310]Cmd: DELETE
[2014.11.06-13.54.26:044][310]Cmd: ACTOR DELETE
[2014.11.06-13.54.26:045][310]LogEditorActor: Deleted Actor: PostProcessVolume
[2014.11.06-13.54.26:119][310]LogEditorActor: Deleted 1 Actors (0.075 secs)
[2014.11.06-13.54.30:199][377]LogInstancedFoliage: Map Rebuilt - Update all BSP painted foliage!
[2014.11.06-13.56.07:007][393]LogInstancedFoliage: Map Rebuilt - Update all BSP painted foliage!
[2014.11.06-13.58.56:750][435]LogEditorViewport: Clicking on Actor (LMB): BP_LightStudio_C (BP_LightStage)
[2014.11.06-14.00.03:771][766]LogSlateStyle:Warning: Unable to find Slate Widget Style 'ViewportLayoutToolbar.Label'. Using FTextBlockStyle defaults instead.
[2014.11.06-14.00.03:771][766]LogSlateStyle:Warning: Unable to find Slate Widget Style 'ViewportLayoutToolbar.Button'. Using FButtonStyle defaults instead.
[2014.11.06-14.00.03:772][766]LogSlateStyle:Warning: Unable to find Slate Widget Style 'ViewportLayoutToolbar.Label'. Using FTextBlockStyle defaults instead.
[2014.11.06-14.00.03:772][766]LogSlateStyle:Warning: Unable to find Slate Widget Style 'ViewportLayoutToolbar.Label'. Using FTextBlockStyle defaults instead.
[2014.11.06-14.00.03:772][766]LogSlateStyle:Warning: Unable to find Slate Widget Style 'ViewportLayoutToolbar.Button'. Using FButtonStyle defaults instead.
[2014.11.06-14.00.03:800][766]LogSlateStyle:Warning: Unable to find Slate Widget Style 'ViewportLayoutToolbar.Label'. Using FTextBlockStyle defaults instead.
[2014.11.06-14.00.03:800][766]LogSlateStyle:Warning: Unable to find Slate Widget Style 'ViewportLayoutToolbar.Label'. Using FTextBlockStyle defaults instead.
[2014.11.06-14.00.03:800][766]LogSlateStyle:Warning: Unable to find Slate Widget Style 'ViewportLayoutToolbar.Label'. Using FTextBlockStyle defaults instead.
[2014.11.06-14.00.03:801][766]LogSlateStyle:Warning: Unable to find Slate Widget Style 'ViewportLayoutToolbar.Label'. Using FTextBlockStyle defaults instead.
[2014.11.06-14.00.03:801][766]LogSlateStyle:Warning: Unable to find Slate Widget Style 'ViewportLayoutToolbar.Button'. Using FButtonStyle defaults instead.
[2014.11.06-14.00.03:801][766]LogSlateStyle:Warning: Unable to find Slate Widget Style 'ViewportLayoutToolbar.Label'. Using FTextBlockStyle defaults instead.
[2014.11.06-14.00.03:801][766]LogSlateStyle:Warning: Unable to find Slate Widget Style 'ViewportLayoutToolbar.Label'. Using FTextBlockStyle defaults instead.
[2014.11.06-14.00.03:801][766]LogSlateStyle:Warning: Unable to find Slate Widget Style 'ViewportLayoutToolbar.Label'. Using FTextBlockStyle defaults instead.
[2014.11.06-14.00.03:802][766]LogSlateStyle:Warning: Unable to find Slate Widget Style 'ViewportLayoutToolbar.Label'. Using FTextBlockStyle defaults instead.
[2014.11.06-14.00.03:802][766]LogSlateStyle:Warning: Unable to find Slate Widget Style 'ViewportLayoutToolbar.Label'. Using FTextBlockStyle defaults instead.
[2014.11.06-14.00.03:802][766]LogSlateStyle:Warning: Unable to find Slate Widget Style 'ViewportLayoutToolbar.Button'. Using FButtonStyle defaults instead.
[2014.11.06-14.00.05:133][851]LogSlateStyle:Warning: Unable to find Slate Widget Style 'ViewportLayoutToolbar.Label'. Using FTextBlockStyle defaults instead.
[2014.11.06-14.00.05:133][851]LogSlateStyle:Warning: Unable to find Slate Widget Style 'ViewportLayoutToolbar.Button'. Using FButtonStyle defaults instead.
[2014.11.06-14.00.05:134][851]LogSlateStyle:Warning: Unable to find Slate Widget Style 'ViewportLayoutToolbar.Label'. Using FTextBlockStyle defaults instead.
[2014.11.06-14.00.05:134][851]LogSlateStyle:Warning: Unable to find Slate Widget Style 'ViewportLayoutToolbar.Label'. Using FTextBlockStyle defaults instead.
[2014.11.06-14.00.05:134][851]LogSlateStyle:Warning: Unable to find Slate Widget Style 'ViewportLayoutToolbar.Button'. Using FButtonStyle defaults instead.
[2014.11.06-14.00.05:134][851]LogSlateStyle:Warning: Unable to find Slate Widget Style 'ViewportLayoutToolbar.Label'. Using FTextBlockStyle defaults instead.
[2014.11.06-14.00.05:134][851]LogSlateStyle:Warning: Unable to find Slate Widget Style 'ViewportLayoutToolbar.Label'. Using FTextBlockStyle defaults instead.
[2014.11.06-14.00.05:135][851]LogSlateStyle:Warning: Unable to find Slate Widget Style 'ViewportLayoutToolbar.Label'. Using FTextBlockStyle defaults instead.
[2014.11.06-14.00.05:135][851]LogSlateStyle:Warning: Unable to find Slate Widget Style 'ViewportLayoutToolbar.Label'. Using FTextBlockStyle defaults instead.
[2014.11.06-14.00.05:135][851]LogSlateStyle:Warning: Unable to find Slate Widget Style 'ViewportLayoutToolbar.Button'. Using FButtonStyle defaults instead.
[2014.11.06-14.00.05:135][851]LogSlateStyle:Warning: Unable to find Slate Widget Style 'ViewportLayoutToolbar.Label'. Using FTextBlockStyle defaults instead.
[2014.11.06-14.00.05:135][851]LogSlateStyle:Warning: Unable to find Slate Widget Style 'ViewportLayoutToolbar.Label'. Using FTextBlockStyle defaults instead.
[2014.11.06-14.00.05:136][851]LogSlateStyle:Warning: Unable to find Slate Widget Style 'ViewportLayoutToolbar.Label'. Using FTextBlockStyle defaults instead.
[2014.11.06-14.00.05:136][851]LogSlateStyle:Warning: Unable to find Slate Widget Style 'ViewportLayoutToolbar.Label'. Using FTextBlockStyle defaults instead.
[2014.11.06-14.00.05:136][851]LogSlateStyle:Warning: Unable to find Slate Widget Style 'ViewportLayoutToolbar.Label'. Using FTextBlockStyle defaults instead.
[2014.11.06-14.00.05:136][851]LogSlateStyle:Warning: Unable to find Slate Widget Style 'ViewportLayoutToolbar.Button'. Using FButtonStyle defaults instead.
[2014.11.06-14.00.06:152][898]LogSlateStyle:Warning: Unable to find Slate Widget Style 'ViewportLayoutToolbar.Label'. Using FTextBlockStyle defaults instead.
[2014.11.06-14.00.06:152][898]LogSlateStyle:Warning: Unable to find Slate Widget Style 'ViewportLayoutToolbar.Button'. Using FButtonStyle defaults instead.
[2014.11.06-14.00.06:153][898]LogSlateStyle:Warning: Unable to find Slate Widget Style 'ViewportLayoutToolbar.Label'. Using FTextBlockStyle defaults instead.
[2014.11.06-14.00.06:153][898]LogSlateStyle:Warning: Unable to find Slate Widget Style 'ViewportLayoutToolbar.Label'. Using FTextBlockStyle defaults instead.
[2014.11.06-14.00.06:153][898]LogSlateStyle:Warning: Unable to find Slate Widget Style 'ViewportLayoutToolbar.Button'. Using FButtonStyle defaults instead.
[2014.11.06-14.00.06:153][898]LogSlateStyle:Warning: Unable to find Slate Widget Style 'ViewportLayoutToolbar.Label'. Using FTextBlockStyle defaults instead.
[2014.11.06-14.00.06:153][898]LogSlateStyle:Warning: Unable to find Slate Widget Style 'ViewportLayoutToolbar.Label'. Using FTextBlockStyle defaults instead.
[2014.11.06-14.00.06:154][898]LogSlateStyle:Warning: Unable to find Slate Widget Style 'ViewportLayoutToolbar.Label'. Using FTextBlockStyle defaults instead.
[2014.11.06-14.00.06:154][898]LogSlateStyle:Warning: Unable to find Slate Widget Style 'ViewportLayoutToolbar.Label'. Using FTextBlockStyle defaults instead.
[2014.11.06-14.00.06:154][898]LogSlateStyle:Warning: Unable to find Slate Widget Style 'ViewportLayoutToolbar.Button'. Using FButtonStyle defaults instead.
[2014.11.06-14.00.06:154][898]LogSlateStyle:Warning: Unable to find Slate Widget Style 'ViewportLayoutToolbar.Label'. Using FTextBlockStyle defaults instead.
[2014.11.06-14.00.06:155][898]LogSlateStyle:Warning: Unable to find Slate Widget Style 'ViewportLayoutToolbar.Label'. Using FTextBlockStyle defaults instead.
[2014.11.06-14.00.06:155][898]LogSlateStyle:Warning: Unable to find Slate Widget Style 'ViewportLayoutToolbar.Label'. Using FTextBlockStyle defaults instead.
[2014.11.06-14.00.06:155][898]LogSlateStyle:Warning: Unable to find Slate Widget Style 'ViewportLayoutToolbar.Label'. Using FTextBlockStyle defaults instead.
[2014.11.06-14.00.06:156][898]LogSlateStyle:Warning: Unable to find Slate Widget Style 'ViewportLayoutToolbar.Label'. Using FTextBlockStyle defaults instead.
[2014.11.06-14.00.06:156][898]LogSlateStyle:Warning: Unable to find Slate Widget Style 'ViewportLayoutToolbar.Button'. Using FButtonStyle defaults instead.
[2014.11.06-14.00.27:629][ 41]Cmd: CAMERA ALIGN ACTIVEVIEWPORTONLY
[2014.11.06-14.00.27:629][ 41]Can't find target actor.
[2014.11.06-14.00.34:475][345]Cmd: CAMERA SNAP
[2014.11.06-14.01.12:831][204]LogInstancedFoliage: Map Rebuilt - Update all BSP painted foliage!
[2014.11.06-14.01.15:585][236]LogSavePackage: Save=55.306179ms
[2014.11.06-14.01.15:585][236]LogSavePackage: Moving '../../../../../../Users/HENAUERP_CFPT/Documents/Unreal Projects/MyProject2/Saved/Advanced_Lighting_Auto360B40E67422BC36B199F1B8172948A29.tmp' to '../../../../../../Users/HENAUERP_CFPT/Documents/Unreal Projects/MyProject2/Saved/Autosaves/Game/StarterContent/Advanced_Lighting_Auto3.umap'
[2014.11.06-14.01.15:594][236]LogFileHelpers: Editor autosave (incl. sublevels) for '/Game/StarterContent/Advanced_Lighting' took 0.165
[2014.11.06-14.01.15:594][236]LogFileHelpers: Editor autosave (incl. sublevels) for all levels took 0.165
[2014.11.06-14.01.20:411][314]LogInstancedFoliage: Map Rebuilt - Update all BSP painted foliage!
[2014.11.06-14.05.18:038][230]LogContentBrowser:Verbose: The content browser source was changed by the sources view to '/Game/StarterContent'
[2014.11.06-14.05.31:028][484]Cmd: EDCALLBACK SURFPROPS
[2014.11.06-14.05.32:170][502]Cmd: EDCALLBACK SURFPROPS
[2014.11.06-14.05.34:679][542]Cmd: EDCALLBACK SURFPROPS
[2014.11.06-14.06.03:676][298]LogUnrealMath: Expression Error : No value recognized
[2014.11.06-14.06.03:676][298]LogUnrealMath: Expression Error : Error in expression
[2014.11.06-14.06.03:750][301]LogEditorViewport: Clicking on Actor (LMB): StaticMeshActor (SM_AssetPlatform)
[2014.11.06-14.07.03:626][971]Cmd: QUIT_EDITOR
[2014.11.06-14.07.05:574][971]LogExit: Preparing to exit.
[2014.11.06-14.07.11:898][971]LogExit: Editor shut down
[2014.11.06-14.07.11:898][971]LogExit: Transaction tracking system shut down
[2014.11.06-14.07.11:966][971]LogParticles: Destroying 0 GPU particle simulations for FXSystem 0x000000000EFC76A0
[2014.11.06-14.07.18:368][971]LogParticles: Destroying 0 GPU particle simulations for FXSystem 0x000000000E08D760
[2014.11.06-14.07.18:368][971]LogParticles: Destroying 0 GPU particle simulations for FXSystem 0x000000000E08F600
[2014.11.06-14.07.18:368][971]LogParticles: Destroying 0 GPU particle simulations for FXSystem 0x000000000E08D620
[2014.11.06-14.07.18:501][971]LogExit: Object subsystem successfully closed.
[2014.11.06-14.07.39:835][971]LogModuleManager: Shutting down and abandoning module AndroidDeviceDetection (166)
[2014.11.06-14.07.39:835][971]LogModuleManager: Shutting down and abandoning module CrashTracker (165)
[2014.11.06-14.07.39:835][971]LogModuleManager: Shutting down and abandoning module SuperSearch (164)
[2014.11.06-14.07.39:835][971]LogModuleManager: Shutting down and abandoning module SceneOutliner (163)
[2014.11.06-14.07.39:835][971]LogModuleManager: Shutting down and abandoning module EditorWidgets (162)
[2014.11.06-14.07.39:835][971]LogModuleManager: Shutting down and abandoning module CollectionManager (161)
[2014.11.06-14.07.39:884][971]LogModuleManager: Shutting down and abandoning module StatsViewer (160)
[2014.11.06-14.07.39:995][971]LogModuleManager: Shutting down and abandoning module FoliageEdit (159)
[2014.11.06-14.07.40:043][971]LogModuleManager: Shutting down and abandoning module LandscapeEditor (158)
[2014.11.06-14.07.40:138][971]LogModuleManager: Shutting down and abandoning module MeshPaint (157)
[2014.11.06-14.07.40:138][971]LogModuleManager: Shutting down and abandoning module ActorPickerMode (156)
[2014.11.06-14.07.40:138][971]LogModuleManager: Shutting down and abandoning module GeometryMode (155)
[2014.11.06-14.07.40:138][971]LogModuleManager: Shutting down and abandoning module TextureAlignMode (154)
[2014.11.06-14.07.40:138][971]LogModuleManager: Shutting down and abandoning module BspMode (153)
[2014.11.06-14.07.40:138][971]LogModuleManager: Shutting down and abandoning module PlacementMode (152)
[2014.11.06-14.07.40:138][971]LogModuleManager: Shutting down and abandoning module AutomationWorker (151)
[2014.11.06-14.07.40:138][971]LogModuleManager: Shutting down and abandoning module CharacterAI (150)
[2014.11.06-14.07.40:138][971]LogModuleManager: Shutting down and abandoning module GameProjectGeneration (149)
[2014.11.06-14.07.40:207][971]LogModuleManager: Shutting down and abandoning module IntroTutorials (148)
[2014.11.06-14.07.40:354][971]LogModuleManager: Shutting down and abandoning module EditorLiveStreaming (147)
[2014.11.06-14.07.40:354][971]LogModuleManager: Shutting down and abandoning module HardwareTargeting (146)
[2014.11.06-14.07.40:354][971]LogModuleManager: Shutting down and abandoning module BehaviorTreeEditor (145)
[2014.11.06-14.07.40:488][971]LogModuleManager: Shutting down and abandoning module DeviceProfileEditor (144)
[2014.11.06-14.07.40:514][971]LogModuleManager: Shutting down and abandoning module UndoHistory (143)
[2014.11.06-14.07.40:514][971]LogModuleManager: Shutting down and abandoning module GameplayTagsEditor (142)
[2014.11.06-14.07.40:617][971]LogModuleManager: Shutting down and abandoning module UserFeedback (141)
[2014.11.06-14.07.40:617][971]LogModuleManager: Shutting down and abandoning module XmlParser (140)
[2014.11.06-14.07.40:642][971]LogModuleManager: Shutting down and abandoning module Blutility (139)
[2014.11.06-14.07.40:664][971]LogModuleManager: Shutting down and abandoning module IOSPlatformEditor (138)
[2014.11.06-14.07.40:664][971]LogModuleManager: Shutting down and abandoning module IOSRuntimeSettings (137)
[2014.11.06-14.07.40:664][971]LogModuleManager: Shutting down and abandoning module AndroidPlatformEditor (136)
[2014.11.06-14.07.40:664][971]LogModuleManager: Shutting down and abandoning module AndroidRuntimeSettings (135)
[2014.11.06-14.07.40:664][971]LogModuleManager: Shutting down and abandoning module ProjectTargetPlatformEditor (134)
[2014.11.06-14.07.40:664][971]LogModuleManager: Shutting down and abandoning module ProjectSettingsViewer (133)
[2014.11.06-14.07.40:664][971]LogModuleManager: Shutting down and abandoning module InputBindingEditor (132)
[2014.11.06-14.07.40:768][971]LogModuleManager: Shutting down and abandoning module EditorSettingsViewer (131)
[2014.11.06-14.07.40:768][971]LogModuleManager: Shutting down and abandoning module SettingsEditor (130)
[2014.11.06-14.07.40:804][971]LogModuleManager: Shutting down and abandoning module ProjectLauncher (129)
[2014.11.06-14.07.41:131][971]LogModuleManager: Shutting down and abandoning module SessionFrontend (128)
[2014.11.06-14.07.41:160][971]LogModuleManager: Shutting down and abandoning module ProfilerClient (127)
[2014.11.06-14.07.41:239][971]LogModuleManager: Shutting down and abandoning module TargetDeviceServices (126)
[2014.11.06-14.07.41:239][971]LogModuleManager: Shutting down and abandoning module DeviceManager (125)
[2014.11.06-14.07.41:287][971]LogModuleManager: Shutting down and abandoning module AutomationController (124)
[2014.11.06-14.07.41:341][971]LogModuleManager: Shutting down and abandoning module AutomationWindow (123)
[2014.11.06-14.07.41:362][971]LogModuleManager: Shutting down and abandoning module Layers (122)
[2014.11.06-14.07.41:491][971]LogModuleManager: Shutting down and abandoning module ComponentVisualizers (121)
[2014.11.06-14.07.41:491][971]LogModuleManager: Shutting down and abandoning module DetailCustomizations (120)
[2014.11.06-14.07.41:516][971]LogModuleManager: Shutting down and abandoning module PackagesDialog (119)
[2014.11.06-14.07.41:565][971]LogModuleManager: Shutting down and abandoning module AssetRegistry (118)
[2014.11.06-14.07.42:152][971]LogModuleManager: Shutting down and abandoning module Persona (117)
[2014.11.06-14.07.42:267][971]LogModuleManager: Shutting down and abandoning module Kismet (116)
[2014.11.06-14.07.42:424][971]LogModuleManager: Shutting down and abandoning module GraphEditor (115)
[2014.11.06-14.07.42:524][971]LogModuleManager: Shutting down and abandoning module ClassViewer (114)
[2014.11.06-14.07.42:524][971]LogModuleManager: Shutting down and abandoning module Toolbox (113)
[2014.11.06-14.07.42:525][971]LogModuleManager: Shutting down and abandoning module ModuleUI (112)
[2014.11.06-14.07.42:546][971]LogModuleManager: Shutting down and abandoning module MovieSceneTools (111)
[2014.11.06-14.07.42:748][971]LogModuleManager: Shutting down and abandoning module OutputLog (110)
[2014.11.06-14.07.42:748][971]LogModuleManager: Shutting down and abandoning module GammaUI (109)
[2014.11.06-14.07.42:780][971]LogModuleManager: Shutting down and abandoning module Documentation (108)
[2014.11.06-14.07.42:780][971]LogModuleManager: Shutting down and abandoning module GameLiveStreaming (107)
[2014.11.06-14.07.42:809][971]LogModuleManager: Shutting down and abandoning module StreamingPauseRendering (106)
[2014.11.06-14.07.42:809][971]LogModuleManager: Shutting down and abandoning module HTTP (105)
[2014.11.06-14.07.42:809][971]LogModuleManager: Shutting down and abandoning module AnalyticsET (104)
[2014.11.06-14.07.42:809][971]LogModuleManager: Shutting down and abandoning module Analytics (103)
[2014.11.06-14.07.42:809][971]LogModuleManager: Shutting down and abandoning module GameplayDebugger (102)
[2014.11.06-14.07.42:809][971]LogModuleManager: Shutting down and abandoning module AIModule (101)
[2014.11.06-14.07.43:141][971]LogModuleManager: Shutting down and abandoning module ProfilerService (100)
[2014.11.06-14.07.43:416][971]LogModuleManager: Shutting down and abandoning module TaskGraph (99)
[2014.11.06-14.07.43:486][971]LogModuleManager: Shutting down and abandoning module SlateRemote (98)
[2014.11.06-14.07.43:543][971]LogModuleManager: Shutting down and abandoning module ScriptEditorPlugin (97)
[2014.11.06-14.07.43:543][971]LogModuleManager: Shutting down and abandoning module CustomMeshComponent (96)
[2014.11.06-14.07.43:543][971]LogModuleManager: Shutting down and abandoning module CableComponent (95)
[2014.11.06-14.07.43:543][971]LogModuleManager: Shutting down and abandoning module MessagingDebugger (94)
[2014.11.06-14.07.43:936][971]LogModuleManager: Shutting down and abandoning module MediaPlayerEditor (93)
[2014.11.06-14.07.43:998][971]LogModuleManager: Shutting down and abandoning module SpeedTreeImporter (92)
[2014.11.06-14.07.43:998][971]LogModuleManager: Shutting down and abandoning module PluginsEditor (91)
[2014.11.06-14.07.44:048][971]LogModuleManager: Shutting down and abandoning module EpicSurvey (90)
[2014.11.06-14.07.44:049][971]LogModuleManager: Shutting down and abandoning module DesktopPlatform (89)
[2014.11.06-14.07.44:131][971]LogModuleManager: Shutting down and abandoning module VisualStudioSourceCodeAccess (88)
[2014.11.06-14.07.44:157][971]LogModuleManager: Shutting down and abandoning module UObjectPlugin (87)
[2014.11.06-14.07.44:157][971]LogModuleManager: Shutting down and abandoning module SubversionSourceControl (86)
[2014.11.06-14.07.44:215][971]LogModuleManager: Shutting down and abandoning module SourceControl (85)
[2014.11.06-14.07.44:260][971]LogModuleManager: Shutting down and abandoning module PerforceSourceControl (84)
[2014.11.06-14.07.44:363][971]LogModuleManager: Shutting down and abandoning module BlankPlugin (83)
[2014.11.06-14.07.44:363][971]LogModuleManager: Shutting down and abandoning module SlateReflector (82)
[2014.11.06-14.07.44:420][971]LogModuleManager: Shutting down and abandoning module DirectoryWatcher (81)
[2014.11.06-14.07.45:332][971]LogModuleManager: Shutting down and abandoning module HotReload (80)
[2014.11.06-14.07.45:343][971]LogModuleManager: Shutting down and abandoning module MainFrame (79)
[2014.11.06-14.07.45:363][971]LogModuleManager: Shutting down and abandoning module LevelEditor (78)
[2014.11.06-14.07.45:555][971]LogModuleManager: Shutting down and abandoning module ViewportSnapping (77)
[2014.11.06-14.07.45:555][971]LogModuleManager: Shutting down and abandoning module SmartSnapping (76)
[2014.11.06-14.07.45:555][971]LogModuleManager: Shutting down and abandoning module PaperTiledImporter (75)
[2014.11.06-14.07.45:555][971]LogModuleManager: Shutting down and abandoning module PaperJsonImporter (74)
[2014.11.06-14.07.45:580][971]LogModuleManager: Shutting down and abandoning module ContentBrowser (73)
[2014.11.06-14.07.45:580][971]LogModuleManager: Shutting down and abandoning module PropertyEditor (72)
[2014.11.06-14.07.45:580][971]LogModuleManager: Shutting down and abandoning module Paper2DEditor (71)
[2014.11.06-14.07.45:732][971]LogModuleManager: Shutting down and abandoning module ScriptPlugin (70)
[2014.11.06-14.07.45:758][971]LogModuleManager: Shutting down and abandoning module UdpMessaging (69)
[2014.11.06-14.07.45:859][971]LogModuleManager: Shutting down and abandoning module Paper2D (68)
[2014.11.06-14.07.45:966][971]LogModuleManager: Shutting down and abandoning module WindowsMoviePlayer (67)
[2014.11.06-14.07.46:157][971]LogModuleManager: Shutting down and abandoning module Media (66)
[2014.11.06-14.07.46:158][971]LogModuleManager: Shutting down and abandoning module WmfMedia (65)
[2014.11.06-14.07.46:273][971]LogModuleManager: Shutting down and abandoning module OnlineBlueprintSupport (64)
[2014.11.06-14.07.46:273][971]LogModuleManager: Shutting down and abandoning module FunctionalTesting (63)
[2014.11.06-14.07.46:273][971]LogModuleManager: Shutting down and abandoning module CollisionAnalyzer (62)
[2014.11.06-14.07.46:354][971]LogModuleManager: Shutting down and abandoning module WorkspaceMenuStructure (61)
[2014.11.06-14.07.46:354][971]LogModuleManager: Shutting down and abandoning module MessageLog (60)
[2014.11.06-14.07.46:354][971]LogModuleManager: Shutting down and abandoning module Sequencer (59)
[2014.11.06-14.07.46:483][971]LogModuleManager: Shutting down and abandoning module AssetTools (58)
[2014.11.06-14.07.47:315][971]LogModuleManager: Shutting down and abandoning module UMGEditor (57)
[2014.11.06-14.07.47:468][971]LogModuleManager: Shutting down and abandoning module UMG (56)
[2014.11.06-14.07.47:510][971]LogModuleManager: Shutting down and abandoning module Slate (55)
[2014.11.06-14.07.47:510][971]LogModuleManager: Shutting down and abandoning module EditorStyle (54)
[2014.11.06-14.07.47:831][971]LogModuleManager: Shutting down and abandoning module SessionServices (53)
[2014.11.06-14.07.47:831][971]LogModuleManager: Shutting down and abandoning module SourceCodeAccess (52)
[2014.11.06-14.07.47:831][971]LogModuleManager: Shutting down and abandoning module HeadMountedDisplay (51)
[2014.11.06-14.07.47:852][971]LogModuleManager: Shutting down and abandoning module XAudio2 (50)
[2014.11.06-14.07.47:852][971]LogModuleManager: Shutting down and abandoning module Networking (48)
[2014.11.06-14.07.47:852][971]LogModuleManager: Shutting down and abandoning module Core (47)
[2014.11.06-14.07.47:852][971]LogModuleManager: Shutting down and abandoning module KismetCompiler (46)
[2014.11.06-14.07.47:852][971]LogModuleManager: Shutting down and abandoning module PhysXFormats (45)
[2014.11.06-14.07.47:852][971]LogModuleManager: Shutting down and abandoning module MeshUtilities (44)
[2014.11.06-14.07.47:930][971]LogModuleManager: Shutting down and abandoning module DerivedDataCache (43)
[2014.11.06-14.07.47:981][971]LogDerivedDataCache: Shutdown
[2014.11.06-14.07.47:981][971]LogModuleManager: Shutting down and abandoning module ShaderFormatOpenGL (42)
[2014.11.06-14.07.48:000][971]LogModuleManager: Shutting down and abandoning module ShaderFormatD3D (41)
[2014.11.06-14.07.48:029][971]LogModuleManager: Shutting down and abandoning module MetalShaderFormat (40)
[2014.11.06-14.07.48:056][971]LogModuleManager: Shutting down and abandoning module TextureFormatUncompressed (39)
[2014.11.06-14.07.48:056][971]LogModuleManager: Shutting down and abandoning module TextureFormatPVR (38)
[2014.11.06-14.07.48:079][971]LogModuleManager: Shutting down and abandoning module TextureFormatDXT (37)
[2014.11.06-14.07.48:104][971]LogModuleManager: Shutting down and abandoning module TextureFormatAndroid (36)
[2014.11.06-14.07.48:104][971]LogModuleManager: Shutting down and abandoning module AudioFormatOpus (35)
[2014.11.06-14.07.48:128][971]LogModuleManager: Shutting down and abandoning module AudioFormatOgg (34)
[2014.11.06-14.07.48:128][971]LogModuleManager: Shutting down and abandoning module AudioFormatADPCM (33)
[2014.11.06-14.07.48:128][971]LogModuleManager: Shutting down and abandoning module Messaging (32)
[2014.11.06-14.07.48:128][971]LogModuleManager: Shutting down and abandoning module IOSTargetPlatform (31)
[2014.11.06-14.07.48:128][971]LogModuleManager: Shutting down and abandoning module Android_PVRTCTargetPlatform (30)
[2014.11.06-14.07.48:159][971]LogModuleManager: Shutting down and abandoning module Android_ETC2TargetPlatform (29)
[2014.11.06-14.07.48:181][971]LogModuleManager: Shutting down and abandoning module Android_ETC1TargetPlatform (28)
[2014.11.06-14.07.48:203][971]LogModuleManager: Shutting down and abandoning module Android_DXTTargetPlatform (27)
[2014.11.06-14.07.48:212][971]LogModuleManager: Shutting down and abandoning module Android_ATCTargetPlatform (26)
[2014.11.06-14.07.48:212][971]LogModuleManager: Shutting down and abandoning module AndroidTargetPlatform (25)
[2014.11.06-14.07.48:212][971]LogModuleManager: Shutting down and abandoning module WindowsTargetPlatform (24)
[2014.11.06-14.07.48:254][971]LogModuleManager: Shutting down and abandoning module WindowsServerTargetPlatform (23)
[2014.11.06-14.07.48:285][971]LogModuleManager: Shutting down and abandoning module WindowsNoEditorTargetPlatform (22)
[2014.11.06-14.07.48:303][971]LogModuleManager: Shutting down and abandoning module WindowsClientTargetPlatform (21)
[2014.11.06-14.07.48:320][971]LogModuleManager: Shutting down and abandoning module TargetPlatform (20)
[2014.11.06-14.07.48:397][971]LogModuleManager: Shutting down and abandoning module InputCore (19)
[2014.11.06-14.07.48:397][971]LogModuleManager: Shutting down and abandoning module Settings (18)
[2014.11.06-14.07.48:418][971]LogModuleManager: Shutting down and abandoning module ImageWrapper (17)
[2014.11.06-14.07.48:418][971]LogModuleManager: Shutting down and abandoning module OculusRift (14)
[2014.11.06-14.07.48:468][971]LogModuleManager: Shutting down and abandoning module ExampleDeviceProfileSelector (13)
[2014.11.06-14.07.48:485][971]LogModuleManager: Shutting down and abandoning module TextureCompressor (12)
[2014.11.06-14.07.48:725][971]LogModuleManager: Shutting down and abandoning module ShaderCore (11)
[2014.11.06-14.07.48:725][971]LogModuleManager: Shutting down and abandoning module SlateRHIRenderer (10)
[2014.11.06-14.07.48:777][971]LogModuleManager: Shutting down and abandoning module OpenGLDrv (9)
[2014.11.06-14.07.48:803][971]LogModuleManager: Shutting down and abandoning module D3D11RHI (8)
[2014.11.06-14.07.48:803][971]LogModuleManager: Shutting down and abandoning module Renderer (7)
[2014.11.06-14.07.48:803][971]LogModuleManager: Shutting down and abandoning module Engine (6)
[2014.11.06-14.07.48:803][971]LogModuleManager: Shutting down and abandoning module CoreUObject (5)
[2014.11.06-14.07.48:803][971]LogModuleManager: Shutting down and abandoning module NetworkFile (4)
[2014.11.06-14.07.49:024][971]LogModuleManager: Shutting down and abandoning module StreamingFile (3)
[2014.11.06-14.07.49:107][971]LogModuleManager: Shutting down and abandoning module SandboxFile (2)
[2014.11.06-14.07.49:120][971]LogModuleManager: Shutting down and abandoning module PakFile (1)
[2014.11.06-14.07.49:347][971]LogExit: Exiting.
[2014.11.06-14.07.50:233][971]Log file closed, 11/06/14 15:07:50
